<?xml version="1.0"?>
<testsuites>
  <testsuite name="Chrome 29.0.1547 (Mac OS X 10.8.4)" package="undefined" timestamp="2013-08-21T07:37:22" id="0" hostname="vojta-macbookpro.roam.corp.google.com" tests="19" errors="0" failures="0" time="0.018">
    <properties>
      <property name="browser.fullName" value="Mozilla/5.0 (Macintosh; Intel Mac OS X 10_8_4) AppleWebKit/537.36 (KHTML, like Gecko) Chrome/29.0.1547.57 Safari/537.36"/>
    </properties>
    <testcase name="should start execution when all files loaded and pass config" time="0.013" classname="Chrome 29.0.1547 (Mac OS X 10.8.4).karma"/>
    <testcase name="should not start execution if any error during loading files" time="0.001" classname="Chrome 29.0.1547 (Mac OS X 10.8.4).karma"/>
    <testcase name="should remove reference to start even after syntax error" time="0" classname="Chrome 29.0.1547 (Mac OS X 10.8.4).karma"/>
    <testcase name="should not set up context if there was an error" time="0" classname="Chrome 29.0.1547 (Mac OS X 10.8.4).karma"/>
    <testcase name="should report navigator name" time="0" classname="Chrome 29.0.1547 (Mac OS X 10.8.4).karma"/>
    <testcase name="should report browser id" time="0.001" classname="Chrome 29.0.1547 (Mac OS X 10.8.4).karma"/>
    <testcase name="should publish current transport" time="0" classname="Chrome 29.0.1547 (Mac OS X 10.8.4).karma"/>
    <testcase name="should buffer results when polling" time="0" classname="Chrome 29.0.1547 (Mac OS X 10.8.4).karma result"/>
    <testcase name="should buffer results when polling" time="0" classname="Chrome 29.0.1547 (Mac OS X 10.8.4).karma result"/>
    <testcase name="should capture alert" time="0.001" classname="Chrome 29.0.1547 (Mac OS X 10.8.4).karma setupContext"/>
    <testcase name="should be getter/setter" time="0" classname="Chrome 29.0.1547 (Mac OS X 10.8.4).karma store"/>
    <testcase name="should clone arrays to avoid memory leaks" time="0" classname="Chrome 29.0.1547 (Mac OS X 10.8.4).karma store"/>
    <testcase name="should serialize string" time="0" classname="Chrome 29.0.1547 (Mac OS X 10.8.4).karma stringify"/>
    <testcase name="should serialize booleans" time="0" classname="Chrome 29.0.1547 (Mac OS X 10.8.4).karma stringify"/>
    <testcase name="should serialize null and undefined" time="0" classname="Chrome 29.0.1547 (Mac OS X 10.8.4).karma stringify"/>
    <testcase name="should serialize functions" time="0.001" classname="Chrome 29.0.1547 (Mac OS X 10.8.4).karma stringify"/>
    <testcase name="should serialize arrays" time="0" classname="Chrome 29.0.1547 (Mac OS X 10.8.4).karma stringify"/>
    <testcase name="should serialize html" time="0" classname="Chrome 29.0.1547 (Mac OS X 10.8.4).karma stringify"/>
    <testcase name="should serialize across iframes" time="0.001" classname="Chrome 29.0.1547 (Mac OS X 10.8.4).karma stringify"/>
    <system-out><![CDATA[
]]></system-out>
    <system-err/>
  </testsuite>
</testsuites>
